
<!DOCTYPE html>
<html>
<head>
  <meta charset="utf-8">
  <meta name="viewport" content="width=device-width, initial-scale=1, shrink-to-fit=no">
  <title>Extent Framework</title>
  <link rel="apple-touch-icon" href="https://cdn.rawgit.com/extent-framework/extent-github-cdn/d74480e/commons/img/logo.png">
  <link rel="shortcut icon" href="https://cdn.rawgit.com/extent-framework/extent-github-cdn/d74480e/commons/img/logo.png">
  <link href="https://cdn.rawgit.com/extent-framework/extent-github-cdn/cd00a5e/spark/css/style.css" rel="stylesheet" />
  <link href="https://stackpath.bootstrapcdn.com/font-awesome/4.7.0/css/font-awesome.min.css" rel="stylesheet">
  <style> </style>
</head>
<script src="https://cdn.rawgit.com/extent-framework/extent-github-cdn/7cc78ce/spark/js/jsontree.js"></script>


<body class="test-view  standard">
    <div class="app header-dark side-nav-folded">
        <div class="layout">
            <div class="header navbar">
    <div class="header-container">
        <div class="nav-logo">
          <a href="index.html">
            <div class="logo logo-dark" style="background-image: url('https://cdn.rawgit.com/extent-framework/extent-github-cdn/d74480e/commons/img/logo.png')"></div>
            <div class="logo logo-white" style="background-image: url('https://cdn.rawgit.com/extent-framework/extent-github-cdn/d74480e/commons/img/logo.png')"></div>
          </a>
        </div>
        <ul class="nav-left">
          <li>
            <a class="sidenav-fold-toggler" href="javascript:void(0);">
              <i class="fa fa-bars"></i>
            </a>
            <a class="sidenav-expand-toggler" href="javascript:void(0);">
              <i class="fa fa-bars"></i>
            </a>
          </li>
          <li class="search-box">
            <a class="search-toggle" href="javascript:void(0);">
              <i class="search-icon fa fa-search"></i>
              <i class="search-icon-close fa fa-close"></i>
            </a>
          </li>
          <li class="search-input">
            <input id="search-tests" class="form-control" type="text" placeholder="Type to search...">
          </li>
        </ul>
        <ul class="nav-right">
          <li class="m-r-10">
            <a href="#">
              <span class="badge badge-primary">Extent Framework</span>
            </a>
          </li>
            <li class="m-r-10">
                <a href="#">
                    <span class="badge badge-primary">7/24/2022 12:29:15 PM</span>
                </a>
            </li>
        </ul>
    </div>
</div>
            <div class="side-nav side-nav-folded">
  <div class="side-nav-inner">
    <ul class="side-nav-menu scrollable">
      <li class="nav-item dropdown">
        <a id="nav-test" class="dropdown-toggle" href="index.html">
          <span class="icon-holder">
            <i class="fa fa-align-left"></i>
          </span>
          <span class="title">Tests</span>
        </a>
      </li>
            <li class="nav-item dropdown">
        <a id="nav-dashboard" class="dropdown-toggle" href="dashboard.html">
          <span class="icon-holder">
            <i class="fa fa-bar-chart"></i>
          </span>
          <span class="title">Dashboard</span>
        </a>
      </li>
    </ul>
  </div>
  <div class="side-nav-controls">
    <ul>
      <li>
        <a href="#" class="lightsout" style="color:#8a8a8a;">
          <i class="fa fa-desktop"></i>"</a>
      </li>
    </ul>
  </div>
</div>

            <div class="page-container">
                <div class="main-content">
                    <div class="test-wrapper row">
                        <div class="test-list">
                            <div class="test-list-tools">
                                <ul class="tools pull-left">
                                    <li>
                                        <a href="">
                                            <span class="font-size-14">Tests</span>
                                        </a>
                                    </li> 
                                </ul>
                                <ul class="tools text-right">
									<li class="user-profile dropdown dropdown-animated scale-left">
										<a href="#" class="dropdown-toggle" data-toggle="dropdown">
											<i class="fa fa-exclamation-circle"></i>
										</a>
										<ul id="status-toggle" class="dropdown-menu dropdown-md p-v-0">
											<a status="fail" class="dropdown-item" href="#"><span>Fail</span><span class="status danger pull-right"></span></a>																																																							<div class="dropdown-divider"></div>
											<a status="clear" class="dropdown-item" href="#"><span>Clear</span><span class="pull-right"><i class="fa fa-close"></i></span></a>
										</ul>
									</li>
																		                                </ul>
                            </div>
                            <div class="test-list-wrapper scrollable">
                                <ul class="test-list-item">
										<li class="test-item" status="fail" author="" device="" tag=""> 
											<div class="status-avatar fail-bg">
												<i class="fa fa-times text-white"></i>
											</div>
											<div class="open-test">
												<div class="test-detail"> 
													<p class="name">CreateQuestionWithStaticAnswer</p> 
													<p class="duration text-sm">0h:0m:8s+552ms</p> 
													<span class="datetime">12:29:19 PM</span>
												</div>
											</div>
											<div class="test-contents d-none">
												<div class="detail-head">
													<div class="p-v-10 d-inline-block">	
														<div class="info">
															<h5 class="test-status text-fail">CreateQuestionWithStaticAnswer</h5>
															<span class='badge badge-success'>7/24/2022 12:29:19 PM</span>
															<span class='badge badge-danger'>7/24/2022 12:29:28 PM</span>
															<span class='badge badge-default'>0h:0m:8s+552ms</span>
														</div>
																											</div>
												</div>
<div class="detail-body mt-4">												
	
<table class="table table-sm">
	<thead><tr>
		<th class="status-col">Status</th>
		<th class="timestamp-col">Timestamp</th>
		<th class="details-col">Details</th>
	</tr></thead>
	<tbody>
			<tr class="event-row">
				<td><i class="fa fa-info text-info"></i></td>
				<td>12:29:20</td>
				<td>
Signed In ChatbotAdmin									</td>
			</tr>
			<tr class="event-row">
				<td><i class="fa fa-times text-fail"></i></td>
				<td>12:29:28</td>
				<td>
OpenQA.Selenium.WebDriverTimeoutException: Timed out after 7 seconds
 ---> OpenQA.Selenium.NoSuchElementException: no such element: Unable to locate element: {"method":"css selector","selector":"div[class='nav-menu-wrapper']"}
  (Session info: chrome=103.0.5060.134)
   at OpenQA.Selenium.WebDriver.UnpackAndThrowOnError(Response errorResponse)
   at OpenQA.Selenium.WebDriver.Execute(String driverCommandToExecute, Dictionary`2 parameters)
   at OpenQA.Selenium.WebDriver.FindElement(String mechanism, String value)
   at OpenQA.Selenium.By.<.ctor>b__11_0(ISearchContext context)
   at OpenQA.Selenium.By.FindElement(ISearchContext context)
   at OpenQA.Selenium.WebDriver.FindElement(By by)
   at Selenium_NUnit_ChatbotTest.Ultilities.WaitFunctions.<>c__DisplayClass2_0.<WaitUntilElementIsDisplayed>b__0(IWebDriver d) in C:\AUTOMATION TESTING\Chatbot_Selenium_C#\Chatbot_Automation\Chatbot_Automation\Chatbot_Automation\Ultilities\WaitFunctions.cs:line 36
   at OpenQA.Selenium.Support.UI.DefaultWait`1.Until[TResult](Func`2 condition, CancellationToken token)
   --- End of inner exception stack trace ---
   at OpenQA.Selenium.Support.UI.DefaultWait`1.ThrowTimeoutException(String exceptionMessage, Exception lastException)
   at OpenQA.Selenium.Support.UI.DefaultWait`1.Until[TResult](Func`2 condition, CancellationToken token)
   at OpenQA.Selenium.Support.UI.DefaultWait`1.Until[TResult](Func`2 condition)
   at Selenium_NUnit_ChatbotTest.Ultilities.WaitFunctions.WaitUntilElementIsDisplayed(IWebDriver driver, By locator) in C:\AUTOMATION TESTING\Chatbot_Selenium_C#\Chatbot_Automation\Chatbot_Automation\Chatbot_Automation\Ultilities\WaitFunctions.cs:line 42
   at Selenium_NUnit_ChatbotTest.BaseClasses.BasePage.initLeftPane() in C:\AUTOMATION TESTING\Chatbot_Selenium_C#\Chatbot_Automation\Chatbot_Automation\Chatbot_Automation\BaseClasses\BasePage.cs:line 36
   at Selenium_NUnit_ChatbotTest.BaseClasses.BasePage..ctor(IWebDriver webDriver) in C:\AUTOMATION TESTING\Chatbot_Selenium_C#\Chatbot_Automation\Chatbot_Automation\Chatbot_Automation\BaseClasses\BasePage.cs:line 27
   at Selenium_NUnit_ChatbotTest.Tests.CreateQuestionTests.CreateQuestionWithStaticAnswer() in C:\AUTOMATION TESTING\Chatbot_Selenium_C#\Chatbot_Automation\Chatbot_Automation\Chatbot_Automation\Tests\TestScripts\CreateQuestionTests.cs:line 42									</td>
			</tr>
	</tbody>
</table>

</div>    
											</div>
										</li>
										<li class="test-item" status="fail" author="" device="" tag=""> 
											<div class="status-avatar fail-bg">
												<i class="fa fa-times text-white"></i>
											</div>
											<div class="open-test">
												<div class="test-detail"> 
													<p class="name">CreateQuestionWithStaticAnswer_Fail</p> 
													<p class="duration text-sm">0h:0m:8s+948ms</p> 
													<span class="datetime">12:29:31 PM</span>
												</div>
											</div>
											<div class="test-contents d-none">
												<div class="detail-head">
													<div class="p-v-10 d-inline-block">	
														<div class="info">
															<h5 class="test-status text-fail">CreateQuestionWithStaticAnswer_Fail</h5>
															<span class='badge badge-success'>7/24/2022 12:29:31 PM</span>
															<span class='badge badge-danger'>7/24/2022 12:29:39 PM</span>
															<span class='badge badge-default'>0h:0m:8s+948ms</span>
														</div>
																											</div>
												</div>
<div class="detail-body mt-4">												
	
<table class="table table-sm">
	<thead><tr>
		<th class="status-col">Status</th>
		<th class="timestamp-col">Timestamp</th>
		<th class="details-col">Details</th>
	</tr></thead>
	<tbody>
			<tr class="event-row">
				<td><i class="fa fa-info text-info"></i></td>
				<td>12:29:32</td>
				<td>
Signed In ChatbotAdmin									</td>
			</tr>
			<tr class="event-row">
				<td><i class="fa fa-times text-fail"></i></td>
				<td>12:29:39</td>
				<td>
OpenQA.Selenium.WebDriverTimeoutException: Timed out after 7 seconds
 ---> OpenQA.Selenium.NoSuchElementException: no such element: Unable to locate element: {"method":"css selector","selector":"div[class='nav-menu-wrapper']"}
  (Session info: chrome=103.0.5060.134)
   at OpenQA.Selenium.WebDriver.UnpackAndThrowOnError(Response errorResponse)
   at OpenQA.Selenium.WebDriver.Execute(String driverCommandToExecute, Dictionary`2 parameters)
   at OpenQA.Selenium.WebDriver.FindElement(String mechanism, String value)
   at OpenQA.Selenium.By.<.ctor>b__11_0(ISearchContext context)
   at OpenQA.Selenium.By.FindElement(ISearchContext context)
   at OpenQA.Selenium.WebDriver.FindElement(By by)
   at Selenium_NUnit_ChatbotTest.Ultilities.WaitFunctions.<>c__DisplayClass2_0.<WaitUntilElementIsDisplayed>b__0(IWebDriver d) in C:\AUTOMATION TESTING\Chatbot_Selenium_C#\Chatbot_Automation\Chatbot_Automation\Chatbot_Automation\Ultilities\WaitFunctions.cs:line 36
   at OpenQA.Selenium.Support.UI.DefaultWait`1.Until[TResult](Func`2 condition, CancellationToken token)
   --- End of inner exception stack trace ---
   at OpenQA.Selenium.Support.UI.DefaultWait`1.ThrowTimeoutException(String exceptionMessage, Exception lastException)
   at OpenQA.Selenium.Support.UI.DefaultWait`1.Until[TResult](Func`2 condition, CancellationToken token)
   at OpenQA.Selenium.Support.UI.DefaultWait`1.Until[TResult](Func`2 condition)
   at Selenium_NUnit_ChatbotTest.Ultilities.WaitFunctions.WaitUntilElementIsDisplayed(IWebDriver driver, By locator) in C:\AUTOMATION TESTING\Chatbot_Selenium_C#\Chatbot_Automation\Chatbot_Automation\Chatbot_Automation\Ultilities\WaitFunctions.cs:line 42
   at Selenium_NUnit_ChatbotTest.BaseClasses.BasePage.initLeftPane() in C:\AUTOMATION TESTING\Chatbot_Selenium_C#\Chatbot_Automation\Chatbot_Automation\Chatbot_Automation\BaseClasses\BasePage.cs:line 36
   at Selenium_NUnit_ChatbotTest.BaseClasses.BasePage..ctor(IWebDriver webDriver) in C:\AUTOMATION TESTING\Chatbot_Selenium_C#\Chatbot_Automation\Chatbot_Automation\Chatbot_Automation\BaseClasses\BasePage.cs:line 27
   at Selenium_NUnit_ChatbotTest.Tests.OpenCreateQuestionTests_Fail.CreateQuestionWithStaticAnswer_Fail() in C:\AUTOMATION TESTING\Chatbot_Selenium_C#\Chatbot_Automation\Chatbot_Automation\Chatbot_Automation\Tests\TestScripts\OpenCreateQuestionTests_Fail.cs:line 44									</td>
			</tr>
	</tbody>
</table>

</div>    
											</div>
										</li>
                                </ul>    
                            </div>
                        </div>
                        <div class="test-content scrollable">
                            <div class="test-content-tools">
                                <ul>
                                    <li>
                                        <a class="back-to-test" href="javascript:void(0)">
                                            <i class="fa fa-arrow-left"></i>
                                        </a>
                                    </li>
                                </ul>
                            </div>
                            <div class="test-content-detail">
                                <div class="detail-body"></div>
                            </div>
                        </div>
                    </div>
                </div>
            </div>
        </div>
    </div>
	<script type='text/javascript'>
	
</script>
<script src="https://cdn.rawgit.com/extent-framework/extent-github-cdn/f97b667/spark/js/script.js"></script>

</body>

</html>